# JRE version: OpenJDK Runtime Environment (7.0_51) (build 1.7.0_51-b00)
# Java VM: OpenJDK Client VM (24.45-b08 mixed mode, sharing linux-x86 )
Heap
 def new generation   total 31424K, used 0K [0x4a980000, 0x4cb90000, 0x5a980000)
  eden space 27968K,   0% used [0x4a980000, 0x4a980000, 0x4c4d0000)
  from space 3456K,   0% used [0x4c4d0000, 0x4c4d0000, 0x4c830000)
  to   space 3456K,   0% used [0x4c830000, 0x4c830000, 0x4cb90000)
 tenured generation   total 69640K, used 59768K [0x5a980000, 0x5ed82000, 0x7a980000)
   the space 69640K,  85% used [0x5a980000, 0x5e3de228, 0x5e3de400, 0x5ed82000)
 compacting perm gen  total 24832K, used 24831K [0x7a980000, 0x7c1c0000, 0x92980000)
   the space 24832K,  99% used [0x7a980000, 0x7c1bffc0, 0x7c1c0000, 0x7c1c0000)
    ro space 10240K,  58% used [0x92980000, 0x92f5c810, 0x92f5ca00, 0x93380000)
    rw space 12288K,  59% used [0x93380000, 0x93a9ce58, 0x93a9d000, 0x93f80000)
GC Heap History (10 events):
Event: 52.542 GC heap after
Heap after GC invocations=67 (full 4):
 def new generation   total 16832K, used 1856K [0x4a980000, 0x4bbc0000, 0x5a980000)
  eden space 14976K,   0% used [0x4a980000, 0x4a980000, 0x4b820000)
  from space 1856K, 100% used [0x4b9f0000, 0x4bbc0000, 0x4bbc0000)
  to   space 1856K,   0% used [0x4b820000, 0x4b820000, 0x4b9f0000)
 tenured generation   total 37304K, used 28844K [0x5a980000, 0x5cdee000, 0x7a980000)
   the space 37304K,  77% used [0x5a980000, 0x5c5ab258, 0x5c5ab400, 0x5cdee000)
 compacting perm gen  total 19456K, used 19415K [0x7a980000, 0x7bc80000, 0x92980000)
   the space 19456K,  99% used [0x7a980000, 0x7bc75c68, 0x7bc75e00, 0x7bc80000)
    ro space 10240K,  58% used [0x92980000, 0x92f5c810, 0x92f5ca00, 0x93380000)
    rw space 12288K,  59% used [0x93380000, 0x93a9ce58, 0x93a9d000, 0x93f80000)
}
Event: 53.908 GC heap before
{Heap before GC invocations=67 (full 4):
 def new generation   total 16832K, used 16832K [0x4a980000, 0x4bbc0000, 0x5a980000)
  eden space 14976K, 100% used [0x4a980000, 0x4b820000, 0x4b820000)
  from space 1856K, 100% used [0x4b9f0000, 0x4bbc0000, 0x4bbc0000)
  to   space 1856K,   0% used [0x4b820000, 0x4b820000, 0x4b9f0000)
 tenured generation   total 37304K, used 28844K [0x5a980000, 0x5cdee000, 0x7a980000)
   the space 37304K,  77% used [0x5a980000, 0x5c5ab258, 0x5c5ab400, 0x5cdee000)
 compacting perm gen  total 19456K, used 19415K [0x7a980000, 0x7bc80000, 0x92980000)
   the space 19456K,  99% used [0x7a980000, 0x7bc75c68, 0x7bc75e00, 0x7bc80000)
    ro space 10240K,  58% used [0x92980000, 0x92f5c810, 0x92f5ca00, 0x93380000)
    rw space 12288K,  59% used [0x93380000, 0x93a9ce58, 0x93a9d000, 0x93f80000)
Event: 55.787 GC heap after
Heap after GC invocations=68 (full 4):
 def new generation   total 16832K, used 1856K [0x4a980000, 0x4bbc0000, 0x5a980000)
  eden space 14976K,   0% used [0x4a980000, 0x4a980000, 0x4b820000)
  from space 1856K, 100% used [0x4b820000, 0x4b9f0000, 0x4b9f0000)
  to   space 1856K,   0% used [0x4b9f0000, 0x4b9f0000, 0x4bbc0000)
 tenured generation   total 37304K, used 36132K [0x5a980000, 0x5cdee000, 0x7a980000)
   the space 37304K,  96% used [0x5a980000, 0x5ccc93c0, 0x5ccc9400, 0x5cdee000)
 compacting perm gen  total 19456K, used 19415K [0x7a980000, 0x7bc80000, 0x92980000)
   the space 19456K,  99% used [0x7a980000, 0x7bc75c68, 0x7bc75e00, 0x7bc80000)
    ro space 10240K,  58% used [0x92980000, 0x92f5c810, 0x92f5ca00, 0x93380000)
    rw space 12288K,  59% used [0x93380000, 0x93a9ce58, 0x93a9d000, 0x93f80000)
}
Event: 70.604 GC heap before
{Heap before GC invocations=68 (full 4):
 def new generation   total 16832K, used 16832K [0x4a980000, 0x4bbc0000, 0x5a980000)
  eden space 14976K, 100% used [0x4a980000, 0x4b820000, 0x4b820000)
  from space 1856K, 100% used [0x4b820000, 0x4b9f0000, 0x4b9f0000)
  to   space 1856K,   0% used [0x4b9f0000, 0x4b9f0000, 0x4bbc0000)
 tenured generation   total 37304K, used 36132K [0x5a980000, 0x5cdee000, 0x7a980000)
   the space 37304K,  96% used [0x5a980000, 0x5ccc93c0, 0x5ccc9400, 0x5cdee000)
 compacting perm gen  total 20736K, used 20671K [0x7a980000, 0x7bdc0000, 0x92980000)
   the space 20736K,  99% used [0x7a980000, 0x7bdafd38, 0x7bdafe00, 0x7bdc0000)
    ro space 10240K,  58% used [0x92980000, 0x92f5c810, 0x92f5ca00, 0x93380000)
    rw space 12288K,  59% used [0x93380000, 0x93a9ce58, 0x93a9d000, 0x93f80000)
Event: 75.027 GC heap after
Heap after GC invocations=69 (full 5):
 def new generation   total 31424K, used 1807K [0x4a980000, 0x4cb90000, 0x5a980000)
  eden space 27968K,   6% used [0x4a980000, 0x4ab43ce8, 0x4c4d0000)
  from space 3456K,   0% used [0x4c4d0000, 0x4c4d0000, 0x4c830000)
  to   space 3456K,   0% used [0x4c830000, 0x4c830000, 0x4cb90000)
 tenured generation   total 69640K, used 41783K [0x5a980000, 0x5ed82000, 0x7a980000)
   the space 69640K,  59% used [0x5a980000, 0x5d24dfc8, 0x5d24e000, 0x5ed82000)
 compacting perm gen  total 20736K, used 20671K [0x7a980000, 0x7bdc0000, 0x92980000)
   the space 20736K,  99% used [0x7a980000, 0x7bdafd38, 0x7bdafe00, 0x7bdc0000)
    ro space 10240K,  58% used [0x92980000, 0x92f5c810, 0x92f5ca00, 0x93380000)
    rw space 12288K,  59% used [0x93380000, 0x93a9ce58, 0x93a9d000, 0x93f80000)
}
Event: 91.773 GC heap before
{Heap before GC invocations=69 (full 5):
 def new generation   total 31424K, used 27968K [0x4a980000, 0x4cb90000, 0x5a980000)
  eden space 27968K, 100% used [0x4a980000, 0x4c4d0000, 0x4c4d0000)
  from space 3456K,   0% used [0x4c4d0000, 0x4c4d0000, 0x4c830000)
  to   space 3456K,   0% used [0x4c830000, 0x4c830000, 0x4cb90000)
 tenured generation   total 69640K, used 41783K [0x5a980000, 0x5ed82000, 0x7a980000)
   the space 69640K,  59% used [0x5a980000, 0x5d24dfc8, 0x5d24e000, 0x5ed82000)
 compacting perm gen  total 23552K, used 23409K [0x7a980000, 0x7c080000, 0x92980000)
   the space 23552K,  99% used [0x7a980000, 0x7c05c538, 0x7c05c600, 0x7c080000)
    ro space 10240K,  58% used [0x92980000, 0x92f5c810, 0x92f5ca00, 0x93380000)
    rw space 12288K,  59% used [0x93380000, 0x93a9ce58, 0x93a9d000, 0x93f80000)
Event: 95.337 GC heap after
Heap after GC invocations=70 (full 5):
 def new generation   total 31424K, used 3456K [0x4a980000, 0x4cb90000, 0x5a980000)
  eden space 27968K,   0% used [0x4a980000, 0x4a980000, 0x4c4d0000)
  from space 3456K, 100% used [0x4c830000, 0x4cb90000, 0x4cb90000)
  to   space 3456K,   0% used [0x4c4d0000, 0x4c4d0000, 0x4c830000)
 tenured generation   total 69640K, used 46248K [0x5a980000, 0x5ed82000, 0x7a980000)
   the space 69640K,  66% used [0x5a980000, 0x5d6aa318, 0x5d6aa400, 0x5ed82000)
 compacting perm gen  total 23552K, used 23409K [0x7a980000, 0x7c080000, 0x92980000)
   the space 23552K,  99% used [0x7a980000, 0x7c05c538, 0x7c05c600, 0x7c080000)
    ro space 10240K,  58% used [0x92980000, 0x92f5c810, 0x92f5ca00, 0x93380000)
    rw space 12288K,  59% used [0x93380000, 0x93a9ce58, 0x93a9d000, 0x93f80000)
}
Event: 162.033 GC heap before
{Heap before GC invocations=70 (full 5):
 def new generation   total 31424K, used 31424K [0x4a980000, 0x4cb90000, 0x5a980000)
  eden space 27968K, 100% used [0x4a980000, 0x4c4d0000, 0x4c4d0000)
  from space 3456K, 100% used [0x4c830000, 0x4cb90000, 0x4cb90000)
  to   space 3456K,   0% used [0x4c4d0000, 0x4c4d0000, 0x4c830000)
 tenured generation   total 69640K, used 46248K [0x5a980000, 0x5ed82000, 0x7a980000)
   the space 69640K,  66% used [0x5a980000, 0x5d6aa318, 0x5d6aa400, 0x5ed82000)
 compacting perm gen  total 24320K, used 24213K [0x7a980000, 0x7c140000, 0x92980000)
   the space 24320K,  99% used [0x7a980000, 0x7c1257b8, 0x7c125800, 0x7c140000)
    ro space 10240K,  58% used [0x92980000, 0x92f5c810, 0x92f5ca00, 0x93380000)
    rw space 12288K,  59% used [0x93380000, 0x93a9ce58, 0x93a9d000, 0x93f80000)
Event: 181.061 GC heap after
Heap after GC invocations=71 (full 5):
 def new generation   total 31424K, used 3456K [0x4a980000, 0x4cb90000, 0x5a980000)
  eden space 27968K,   0% used [0x4a980000, 0x4a980000, 0x4c4d0000)
  from space 3456K, 100% used [0x4c4d0000, 0x4c830000, 0x4c830000)
  to   space 3456K,   0% used [0x4c830000, 0x4c830000, 0x4cb90000)
 tenured generation   total 69640K, used 57367K [0x5a980000, 0x5ed82000, 0x7a980000)
   the space 69640K,  82% used [0x5a980000, 0x5e185ea0, 0x5e186000, 0x5ed82000)
 compacting perm gen  total 24320K, used 24213K [0x7a980000, 0x7c140000, 0x92980000)
   the space 24320K,  99% used [0x7a980000, 0x7c1257b8, 0x7c125800, 0x7c140000)
    ro space 10240K,  58% used [0x92980000, 0x92f5c810, 0x92f5ca00, 0x93380000)
    rw space 12288K,  59% used [0x93380000, 0x93a9ce58, 0x93a9d000, 0x93f80000)
}
Event: 245.108 GC heap before
{Heap before GC invocations=71 (full 5):
 def new generation   total 31424K, used 20911K [0x4a980000, 0x4cb90000, 0x5a980000)
  eden space 27968K,  62% used [0x4a980000, 0x4ba8bda8, 0x4c4d0000)
  from space 3456K, 100% used [0x4c4d0000, 0x4c830000, 0x4c830000)
  to   space 3456K,   0% used [0x4c830000, 0x4c830000, 0x4cb90000)
 tenured generation   total 69640K, used 57367K [0x5a980000, 0x5ed82000, 0x7a980000)
   the space 69640K,  82% used [0x5a980000, 0x5e185ea0, 0x5e186000, 0x5ed82000)
 compacting perm gen  total 24832K, used 24831K [0x7a980000, 0x7c1c0000, 0x92980000)
   the space 24832K,  99% used [0x7a980000, 0x7c1bffc0, 0x7c1c0000, 0x7c1c0000)
    ro space 10240K,  58% used [0x92980000, 0x92f5c810, 0x92f5ca00, 0x93380000)
    rw space 12288K,  59% used [0x93380000, 0x93a9ce58, 0x93a9d000, 0x93f80000)

